forestApp-0624/app/build/intermediates/manifest_merge_blame_file/debug/manifest-merger-blame-debug-report.txt
1<?xml version="1.0" encoding="utf-8"?>
2<manifest xmlns:android="http://schemas.android.com/apk/res/android"
3    package="com.example.forestapp"
4    android:versionCode="1"
5    android:versionName="1.0" >
6
7    <uses-sdk
8        android:minSdkVersion="16"
8-->src/main/AndroidManifest.xml
9        android:targetSdkVersion="29" />
9-->src/main/AndroidManifest.xml
10
11    <uses-permission android:name="android.permission.INTERNET" />
11-->src/main/AndroidManifest.xml:5:5-67
11-->src/main/AndroidManifest.xml:5:22-64
12
13    <application
13-->src/main/AndroidManifest.xml:7:5-36:19
14        android:allowBackup="true"
14-->src/main/AndroidManifest.xml:8:9-35
15        android:appComponentFactory="androidx.core.app.CoreComponentFactory"
15-->[androidx.core:core:1.1.0] AndroidManifest.xml:24:18-86
16        android:debuggable="true"
17        android:icon="@mipmap/ic_launcher"
17-->src/main/AndroidManifest.xml:9:9-43
18        android:label="@string/app_name"
18-->src/main/AndroidManifest.xml:10:9-41
19        android:roundIcon="@mipmap/ic_launcher_round"
19-->src/main/AndroidManifest.xml:11:9-54
20        android:supportsRtl="true"
20-->src/main/AndroidManifest.xml:12:9-35
21        android:testOnly="true"
22        android:theme="@style/AppTheme"
22-->src/main/AndroidManifest.xml:13:9-40
23        android:usesCleartextTraffic="true" >
23-->src/main/AndroidManifest.xml:14:9-44
24        <activity android:name="com.example.forestapp.SplashActivity" >
24-->src/main/AndroidManifest.xml:17:9-18:20
24-->src/main/AndroidManifest.xml:17:19-49
25        </activity>
26        <activity android:name="com.example.forestapp.LoginActivity" >
26-->src/main/AndroidManifest.xml:20:9-25:20
26-->src/main/AndroidManifest.xml:20:19-48
27            <intent-filter>
27-->src/main/AndroidManifest.xml:21:13-24:29
28                <action android:name="android.intent.action.MAIN" />
28-->src/main/AndroidManifest.xml:22:17-69
28-->src/main/AndroidManifest.xml:22:25-66
29
30                <category android:name="android.intent.category.LAUNCHER" />
30-->src/main/AndroidManifest.xml:23:17-77
30-->src/main/AndroidManifest.xml:23:27-74
31            </intent-filter>
32        </activity>
33        <activity
33-->src/main/AndroidManifest.xml:27:9-30:20
34            android:name="com.example.forestapp.BookMainActivity"
34-->src/main/AndroidManifest.xml:28:13-45
35            android:label="@string/title_activity_book_main" >
35-->src/main/AndroidManifest.xml:29:13-61
36        </activity>
37        <activity android:name="com.example.forestapp.ServerActivity" />
37-->src/main/AndroidManifest.xml:32:9-52
37-->src/main/AndroidManifest.xml:32:19-49
38        <activity android:name="com.example.forestapp.ListActivity" />
38-->src/main/AndroidManifest.xml:33:9-50
38-->src/main/AndroidManifest.xml:33:19-47
39        <activity android:name="com.example.forestapp.MainActivity" />
39-->src/main/AndroidManifest.xml:34:9-50
39-->src/main/AndroidManifest.xml:34:19-47
40        <activity android:name="com.example.forestapp.SignupActivity" />
40-->src/main/AndroidManifest.xml:35:9-52
40-->src/main/AndroidManifest.xml:35:19-49
41
42        <provider
42-->[androidx.lifecycle:lifecycle-process:2.2.0] AndroidManifest.xml:25:9-29:43
43            android:name="androidx.lifecycle.ProcessLifecycleOwnerInitializer"
43-->[androidx.lifecycle:lifecycle-process:2.2.0] AndroidManifest.xml:26:13-79
44            android:authorities="com.example.forestapp.lifecycle-process"
44-->[androidx.lifecycle:lifecycle-process:2.2.0] AndroidManifest.xml:27:13-69
45            android:exported="false"
45-->[androidx.lifecycle:lifecycle-process:2.2.0] AndroidManifest.xml:28:13-37
46            android:multiprocess="true" />
46-->[androidx.lifecycle:lifecycle-process:2.2.0] AndroidManifest.xml:29:13-40
47    </application>
48
49</manifest>